<?xml version="1.0" encoding="UTF-8"?>
<!-- Generated by org.testng.reporters.JUnitXMLReporter -->
<testsuite ignored="0" hostname="DESKTOP-L4S2AS9" failures="0" tests="11" name="Default test" time="40.803" errors="0" timestamp="05 Sep 2018 10:14:38 GMT">
  <testcase classname="com.codebase.ClappyTestClass" name="Test01_Fill_Login_Credentials" time="7.535"/>
  <testcase classname="com.codebase.ClappyTestClass" name="Test02_Click_Login_Button" time="6.529"/>
  <testcase classname="com.codebase.ClappyTestClass" name="Test03_Verify_Login" time="1.03"/>
  <testcase classname="com.codebase.ClappyTestClass" name="Test04_Redirect_To_Admin_Management" time="3.672"/>
  <testcase classname="com.codebase.ClappyTestClass" name="Test05_Verify_Redirection_To_Admin_Management" time="1.039"/>
  <testcase classname="com.codebase.ClappyTestClass" name="Test06_Verify_8_Admin_Management_Elements" time="2.089"/>
  <testcase classname="com.codebase.ClappyTestClass" name="Test07_Create_New_Admin" time="3.883"/>
  <testcase classname="com.codebase.ClappyTestClass" name="Test08_Verify_Redirection_To_Create_Admin_Form" time="1.031"/>
  <testcase classname="com.codebase.ClappyTestClass" name="Test09_Fill_Create_Admin_Form" time="1.746"/>
  <testcase classname="com.codebase.ClappyTestClass" name="Test10_Click_Create_Admin" time="5.917"/>
  <testcase classname="com.codebase.ClappyTestClass" name="Test11_Verify_Create_Admin_Success_Message" time="0.131"/>
</testsuite> <!-- Default test -->
