<?xml version="1.0" encoding="UTF-8"?>
<!-- Generated by org.testng.reporters.JUnitXMLReporter -->
<testsuite ignored="0" hostname="DESKTOP-L4S2AS9" failures="0" tests="3" name="Default test" time="16.759" errors="0" timestamp="04 Sep 2018 09:41:07 GMT">
  <testcase classname="com.codebase.ClappyTestClass" name="Test01_Fill_Login_Credentials" time="2.27"/>
  <testcase classname="com.codebase.ClappyTestClass" name="Test02_Click_Login_Button" time="6.063"/>
  <testcase classname="com.codebase.ClappyTestClass" name="Test03_Verify_Login" time="0.0"/>
</testsuite> <!-- Default test -->
