<?xml version="1.0" encoding="UTF-8"?>
<testng-results ignored="0" total="15" passed="15" failed="0" skipped="0">
  <reporter-output>
    <line>
      <![CDATA[setting value isnull]]>
    </line>
    <line>
      <![CDATA[=================================================================]]>
    </line>
    <line>
      <![CDATA[=================================================================]]>
    </line>
    <line>
      <![CDATA[[INFO]: TEST BROWSER IS  CHROME]]>
    </line>
    <line>
      <![CDATA[=================================================================]]>
    </line>
    <line>
      <![CDATA[=================================================================]]>
    </line>
  </reporter-output>
  <suite started-at="2018-09-18T14:02:35Z" name="Default suite" finished-at="2018-09-18T14:04:20Z" duration-ms="105572">
    <groups>
    </groups>
    <test started-at="2018-09-18T14:02:35Z" name="Default test" finished-at="2018-09-18T14:04:20Z" duration-ms="105572">
      <class name="com.frankai.FrankTestClass">
        <test-method is-config="true" signature="beforeClass()[pri:0, instance:com.frankai.FrankTestClass@4f67eb2a]" started-at="2018-09-18T14:02:35Z" name="beforeClass" finished-at="2018-09-18T14:02:49Z" duration-ms="14743" status="PASS">
          <reporter-output>
            <line>
              <![CDATA[setting value isnull]]>
            </line>
            <line>
              <![CDATA[=================================================================]]>
            </line>
            <line>
              <![CDATA[=================================================================]]>
            </line>
            <line>
              <![CDATA[[INFO]: TEST BROWSER IS  CHROME]]>
            </line>
            <line>
              <![CDATA[=================================================================]]>
            </line>
            <line>
              <![CDATA[=================================================================]]>
            </line>
          </reporter-output>
        </test-method> <!-- beforeClass -->
        <test-method signature="Test01_Verify_Frank_Title()[pri:0, instance:com.frankai.FrankTestClass@4f67eb2a]" started-at="2018-09-18T14:02:49Z" name="Test01_Verify_Frank_Title" finished-at="2018-09-18T14:02:49Z" duration-ms="17" status="PASS">
          <reporter-output>
          </reporter-output>
        </test-method> <!-- Test01_Verify_Frank_Title -->
        <test-method signature="Test02_Perform_Signin()[pri:0, instance:com.frankai.FrankTestClass@4f67eb2a]" started-at="2018-09-18T14:02:49Z" name="Test02_Perform_Signin" finished-at="2018-09-18T14:03:01Z" duration-ms="11519" status="PASS">
          <reporter-output>
          </reporter-output>
        </test-method> <!-- Test02_Perform_Signin -->
        <test-method signature="Test03_Verify_Signin()[pri:0, instance:com.frankai.FrankTestClass@4f67eb2a]" started-at="2018-09-18T14:03:01Z" name="Test03_Verify_Signin" finished-at="2018-09-18T14:03:01Z" duration-ms="146" status="PASS">
          <reporter-output>
          </reporter-output>
        </test-method> <!-- Test03_Verify_Signin -->
        <test-method signature="Test04_Click_Create_Campaign()[pri:0, instance:com.frankai.FrankTestClass@4f67eb2a]" started-at="2018-09-18T14:03:01Z" name="Test04_Click_Create_Campaign" finished-at="2018-09-18T14:03:06Z" duration-ms="5090" status="PASS">
          <reporter-output>
          </reporter-output>
        </test-method> <!-- Test04_Click_Create_Campaign -->
        <test-method signature="Test05_Campaign_Setup_Step()[pri:0, instance:com.frankai.FrankTestClass@4f67eb2a]" started-at="2018-09-18T14:03:06Z" name="Test05_Campaign_Setup_Step" finished-at="2018-09-18T14:03:15Z" duration-ms="8889" status="PASS">
          <reporter-output>
          </reporter-output>
        </test-method> <!-- Test05_Campaign_Setup_Step -->
        <test-method signature="Test06_Select_Location()[pri:0, instance:com.frankai.FrankTestClass@4f67eb2a]" started-at="2018-09-18T14:03:15Z" name="Test06_Select_Location" finished-at="2018-09-18T14:03:20Z" duration-ms="5394" status="PASS">
          <reporter-output>
          </reporter-output>
        </test-method> <!-- Test06_Select_Location -->
        <test-method signature="Test07_Click_Save_And_Continue()[pri:0, instance:com.frankai.FrankTestClass@4f67eb2a]" started-at="2018-09-18T14:03:20Z" name="Test07_Click_Save_And_Continue" finished-at="2018-09-18T14:03:23Z" duration-ms="2182" status="PASS">
          <reporter-output>
          </reporter-output>
        </test-method> <!-- Test07_Click_Save_And_Continue -->
        <test-method signature="Test08_Select_Age_Group()[pri:0, instance:com.frankai.FrankTestClass@4f67eb2a]" started-at="2018-09-18T14:03:23Z" name="Test08_Select_Age_Group" finished-at="2018-09-18T14:03:25Z" duration-ms="2110" status="PASS">
          <reporter-output>
          </reporter-output>
        </test-method> <!-- Test08_Select_Age_Group -->
        <test-method signature="Test09_Select_Target_Language_Speakers()[pri:0, instance:com.frankai.FrankTestClass@4f67eb2a]" started-at="2018-09-18T14:03:25Z" name="Test09_Select_Target_Language_Speakers" finished-at="2018-09-18T14:03:26Z" duration-ms="1157" status="PASS">
          <reporter-output>
          </reporter-output>
        </test-method> <!-- Test09_Select_Target_Language_Speakers -->
        <test-method signature="Test10_Select_Specific_Interest()[pri:0, instance:com.frankai.FrankTestClass@4f67eb2a]" started-at="2018-09-18T14:03:26Z" name="Test10_Select_Specific_Interest" finished-at="2018-09-18T14:03:38Z" duration-ms="11954" status="PASS">
          <reporter-output>
          </reporter-output>
        </test-method> <!-- Test10_Select_Specific_Interest -->
        <test-method signature="Test11_Upload_1000_Contacts_txt_or_csv()[pri:0, instance:com.frankai.FrankTestClass@4f67eb2a]" started-at="2018-09-18T14:03:38Z" name="Test11_Upload_1000_Contacts_txt_or_csv" finished-at="2018-09-18T14:03:49Z" duration-ms="11432" status="PASS">
          <reporter-output>
          </reporter-output>
        </test-method> <!-- Test11_Upload_1000_Contacts_txt_or_csv -->
        <test-method signature="Test12_Click_Save_And_Continue2()[pri:0, instance:com.frankai.FrankTestClass@4f67eb2a]" started-at="2018-09-18T14:03:49Z" name="Test12_Click_Save_And_Continue2" finished-at="2018-09-18T14:03:54Z" duration-ms="5151" status="PASS">
          <reporter-output>
          </reporter-output>
        </test-method> <!-- Test12_Click_Save_And_Continue2 -->
        <test-method signature="Test13_Click_Create_Fb_Ad()[pri:0, instance:com.frankai.FrankTestClass@4f67eb2a]" started-at="2018-09-18T14:03:54Z" name="Test13_Click_Create_Fb_Ad" finished-at="2018-09-18T14:03:56Z" duration-ms="1159" status="PASS">
          <reporter-output>
          </reporter-output>
        </test-method> <!-- Test13_Click_Create_Fb_Ad -->
        <test-method signature="Test14_Fill_Fb_Ad_Form()[pri:0, instance:com.frankai.FrankTestClass@4f67eb2a]" started-at="2018-09-18T14:03:56Z" name="Test14_Fill_Fb_Ad_Form" finished-at="2018-09-18T14:04:09Z" duration-ms="13860" status="PASS">
          <reporter-output>
          </reporter-output>
        </test-method> <!-- Test14_Fill_Fb_Ad_Form -->
        <test-method signature="Test15_Upload_Banners()[pri:0, instance:com.frankai.FrankTestClass@4f67eb2a]" started-at="2018-09-18T14:04:09Z" name="Test15_Upload_Banners" finished-at="2018-09-18T14:04:18Z" duration-ms="8579" status="PASS">
          <reporter-output>
          </reporter-output>
        </test-method> <!-- Test15_Upload_Banners -->
        <test-method is-config="true" signature="afterClass()[pri:0, instance:com.frankai.FrankTestClass@4f67eb2a]" started-at="2018-09-18T14:04:18Z" name="afterClass" finished-at="2018-09-18T14:04:20Z" duration-ms="2098" status="PASS">
          <reporter-output>
          </reporter-output>
        </test-method> <!-- afterClass -->
      </class> <!-- com.frankai.FrankTestClass -->
    </test> <!-- Default test -->
  </suite> <!-- Default suite -->
</testng-results>
